The system is: Linux - 5.15.88-gentoo-x86_64 - x86_64
Compiling the C compiler identification source file "CMakeCCompilerId.c" succeeded.
Compiler: /usr/bin/gcc 
Build flags: 
Id flags:  

The output was:
0


Compilation of the C compiler identification source "CMakeCCompilerId.c" produced "a.out"

The C compiler identification is GNU, found in "/home/connor/Documents/sdlgame/build/CMakeFiles/3.24.3/CompilerIdC/a.out"

Compiling the CXX compiler identification source file "CMakeCXXCompilerId.cpp" succeeded.
Compiler: /usr/bin/g++ 
Build flags: 
Id flags:  

The output was:
0


Compilation of the CXX compiler identification source "CMakeCXXCompilerId.cpp" produced "a.out"

The CXX compiler identification is GNU, found in "/home/connor/Documents/sdlgame/build/CMakeFiles/3.24.3/CompilerIdCXX/a.out"

Detecting C compiler ABI info compiled with the following output:
Change Dir: /home/connor/Documents/sdlgame/build/CMakeFiles/CMakeTmp

Run Build Command(s):/usr/bin/ninja cmTC_e2e8b && [1/2] Building C object CMakeFiles/cmTC_e2e8b.dir/CMakeCCompilerABI.c.o
Using built-in specs.
COLLECT_GCC=/usr/bin/gcc
Target: x86_64-pc-linux-gnu
Configured with: /var/tmp/portage/sys-devel/gcc-12.2.1_p20230121-r1/work/gcc-12-20230121/configure --host=x86_64-pc-linux-gnu --build=x86_64-pc-linux-gnu --prefix=/usr --bindir=/usr/x86_64-pc-linux-gnu/gcc-bin/12 --includedir=/usr/lib/gcc/x86_64-pc-linux-gnu/12/include --datadir=/usr/share/gcc-data/x86_64-pc-linux-gnu/12 --mandir=/usr/share/gcc-data/x86_64-pc-linux-gnu/12/man --infodir=/usr/share/gcc-data/x86_64-pc-linux-gnu/12/info --with-gxx-include-dir=/usr/lib/gcc/x86_64-pc-linux-gnu/12/include/g++-v12 --with-python-dir=/share/gcc-data/x86_64-pc-linux-gnu/12/python --enable-languages=c,c++,fortran --enable-obsolete --enable-secureplt --disable-werror --with-system-zlib --enable-nls --without-included-gettext --disable-libunwind-exceptions --enable-checking=release --with-bugurl=https://bugs.gentoo.org/ --with-pkgversion='Gentoo 12.2.1_p20230121-r1 p10' --with-gcc-major-version-only --disable-esp --enable-libstdcxx-time --disable-libstdcxx-pch --enable-shared --enable-threads=posix --enable-__cxa_atexit --enable-clocale=gnu --enable-multilib --with-multilib-list=m32,m64 --disable-fixed-point --enable-targets=all --enable-libgomp --disable-libssp --disable-libada --disable-cet --disable-systemtap --disable-valgrind-annotations --disable-vtable-verify --disable-libvtv --without-zstd --enable-lto --without-isl --enable-default-pie --enable-default-ssp
Thread model: posix
Supported LTO compression algorithms: zlib
gcc version 12.2.1 20230121 (Gentoo 12.2.1_p20230121-r1 p10) 
COLLECT_GCC_OPTIONS='-v' '-o' 'CMakeFiles/cmTC_e2e8b.dir/CMakeCCompilerABI.c.o' '-c' '-mtune=generic' '-march=x86-64' '-dumpdir' 'CMakeFiles/cmTC_e2e8b.dir/'
 /usr/libexec/gcc/x86_64-pc-linux-gnu/12/cc1 -quiet -v /usr/share/cmake/Modules/CMakeCCompilerABI.c -quiet -dumpdir CMakeFiles/cmTC_e2e8b.dir/ -dumpbase CMakeCCompilerABI.c.c -dumpbase-ext .c -mtune=generic -march=x86-64 -version -o /tmp/cc4QZ0N8.s
GNU C17 (Gentoo 12.2.1_p20230121-r1 p10) version 12.2.1 20230121 (x86_64-pc-linux-gnu)
	compiled by GNU C version 12.2.1 20230121, GMP version 6.2.1, MPFR version 4.1.1-p1, MPC version 1.2.1, isl version none
GGC heuristics: --param ggc-min-expand=100 --param ggc-min-heapsize=131072
ignoring nonexistent directory "/usr/local/include"
ignoring nonexistent directory "/usr/lib/gcc/x86_64-pc-linux-gnu/12/../../../../x86_64-pc-linux-gnu/include"
#include "..." search starts here:
#include <...> search starts here:
 /usr/lib/gcc/x86_64-pc-linux-gnu/12/include
 /usr/lib/gcc/x86_64-pc-linux-gnu/12/include-fixed
 /usr/include
End of search list.
GNU C17 (Gentoo 12.2.1_p20230121-r1 p10) version 12.2.1 20230121 (x86_64-pc-linux-gnu)
	compiled by GNU C version 12.2.1 20230121, GMP version 6.2.1, MPFR version 4.1.1-p1, MPC version 1.2.1, isl version none
GGC heuristics: --param ggc-min-expand=100 --param ggc-min-heapsize=131072
Compiler executable checksum: 0d6f3219cfb3d4b43844a5a7aaef3e56
COLLECT_GCC_OPTIONS='-v' '-o' 'CMakeFiles/cmTC_e2e8b.dir/CMakeCCompilerABI.c.o' '-c' '-mtune=generic' '-march=x86-64' '-dumpdir' 'CMakeFiles/cmTC_e2e8b.dir/'
 /usr/lib/gcc/x86_64-pc-linux-gnu/12/../../../../x86_64-pc-linux-gnu/bin/as -v --64 -o CMakeFiles/cmTC_e2e8b.dir/CMakeCCompilerABI.c.o /tmp/cc4QZ0N8.s
GNU assembler version 2.39.0 (x86_64-pc-linux-gnu) using BFD version (Gentoo 2.39 p5) 2.39.0
COMPILER_PATH=/usr/libexec/gcc/x86_64-pc-linux-gnu/12/:/usr/libexec/gcc/x86_64-pc-linux-gnu/12/:/usr/libexec/gcc/x86_64-pc-linux-gnu/:/usr/lib/gcc/x86_64-pc-linux-gnu/12/:/usr/lib/gcc/x86_64-pc-linux-gnu/:/usr/lib/gcc/x86_64-pc-linux-gnu/12/../../../../x86_64-pc-linux-gnu/bin/
LIBRARY_PATH=/usr/lib/gcc/x86_64-pc-linux-gnu/12/:/usr/lib/gcc/x86_64-pc-linux-gnu/12/../../../../lib64/:/lib/../lib64/:/usr/lib/../lib64/:/usr/lib/gcc/x86_64-pc-linux-gnu/12/../../../../x86_64-pc-linux-gnu/lib/:/usr/lib/gcc/x86_64-pc-linux-gnu/12/../../../:/lib/:/usr/lib/
COLLECT_GCC_OPTIONS='-v' '-o' 'CMakeFiles/cmTC_e2e8b.dir/CMakeCCompilerABI.c.o' '-c' '-mtune=generic' '-march=x86-64' '-dumpdir' 'CMakeFiles/cmTC_e2e8b.dir/CMakeCCompilerABI.c.'
[2/2] Linking C executable cmTC_e2e8b
Using built-in specs.
COLLECT_GCC=/usr/bin/gcc
COLLECT_LTO_WRAPPER=/usr/libexec/gcc/x86_64-pc-linux-gnu/12/lto-wrapper
Target: x86_64-pc-linux-gnu
Configured with: /var/tmp/portage/sys-devel/gcc-12.2.1_p20230121-r1/work/gcc-12-20230121/configure --host=x86_64-pc-linux-gnu --build=x86_64-pc-linux-gnu --prefix=/usr --bindir=/usr/x86_64-pc-linux-gnu/gcc-bin/12 --includedir=/usr/lib/gcc/x86_64-pc-linux-gnu/12/include --datadir=/usr/share/gcc-data/x86_64-pc-linux-gnu/12 --mandir=/usr/share/gcc-data/x86_64-pc-linux-gnu/12/man --infodir=/usr/share/gcc-data/x86_64-pc-linux-gnu/12/info --with-gxx-include-dir=/usr/lib/gcc/x86_64-pc-linux-gnu/12/include/g++-v12 --with-python-dir=/share/gcc-data/x86_64-pc-linux-gnu/12/python --enable-languages=c,c++,fortran --enable-obsolete --enable-secureplt --disable-werror --with-system-zlib --enable-nls --without-included-gettext --disable-libunwind-exceptions --enable-checking=release --with-bugurl=https://bugs.gentoo.org/ --with-pkgversion='Gentoo 12.2.1_p20230121-r1 p10' --with-gcc-major-version-only --disable-esp --enable-libstdcxx-time --disable-libstdcxx-pch --enable-shared --enable-threads=posix --enable-__cxa_atexit --enable-clocale=gnu --enable-multilib --with-multilib-list=m32,m64 --disable-fixed-point --enable-targets=all --enable-libgomp --disable-libssp --disable-libada --disable-cet --disable-systemtap --disable-valgrind-annotations --disable-vtable-verify --disable-libvtv --without-zstd --enable-lto --without-isl --enable-default-pie --enable-default-ssp
Thread model: posix
Supported LTO compression algorithms: zlib
gcc version 12.2.1 20230121 (Gentoo 12.2.1_p20230121-r1 p10) 
COMPILER_PATH=/usr/libexec/gcc/x86_64-pc-linux-gnu/12/:/usr/libexec/gcc/x86_64-pc-linux-gnu/12/:/usr/libexec/gcc/x86_64-pc-linux-gnu/:/usr/lib/gcc/x86_64-pc-linux-gnu/12/:/usr/lib/gcc/x86_64-pc-linux-gnu/:/usr/lib/gcc/x86_64-pc-linux-gnu/12/../../../../x86_64-pc-linux-gnu/bin/
LIBRARY_PATH=/usr/lib/gcc/x86_64-pc-linux-gnu/12/:/usr/lib/gcc/x86_64-pc-linux-gnu/12/../../../../lib64/:/lib/../lib64/:/usr/lib/../lib64/:/usr/lib/gcc/x86_64-pc-linux-gnu/12/../../../../x86_64-pc-linux-gnu/lib/:/usr/lib/gcc/x86_64-pc-linux-gnu/12/../../../:/lib/:/usr/lib/
COLLECT_GCC_OPTIONS='-v' '-rdynamic' '-o' 'cmTC_e2e8b' '-mtune=generic' '-march=x86-64' '-dumpdir' 'cmTC_e2e8b.'
 /usr/libexec/gcc/x86_64-pc-linux-gnu/12/collect2 -plugin /usr/libexec/gcc/x86_64-pc-linux-gnu/12/liblto_plugin.so -plugin-opt=/usr/libexec/gcc/x86_64-pc-linux-gnu/12/lto-wrapper -plugin-opt=-fresolution=/tmp/ccIpo5jO.res -plugin-opt=-pass-through=-lgcc -plugin-opt=-pass-through=-lgcc_s -plugin-opt=-pass-through=-lc -plugin-opt=-pass-through=-lgcc -plugin-opt=-pass-through=-lgcc_s --eh-frame-hdr -m elf_x86_64 -export-dynamic -dynamic-linker /lib64/ld-linux-x86-64.so.2 -pie -o cmTC_e2e8b /usr/lib/gcc/x86_64-pc-linux-gnu/12/../../../../lib64/Scrt1.o /usr/lib/gcc/x86_64-pc-linux-gnu/12/../../../../lib64/crti.o /usr/lib/gcc/x86_64-pc-linux-gnu/12/crtbeginS.o -L/usr/lib/gcc/x86_64-pc-linux-gnu/12 -L/usr/lib/gcc/x86_64-pc-linux-gnu/12/../../../../lib64 -L/lib/../lib64 -L/usr/lib/../lib64 -L/usr/lib/gcc/x86_64-pc-linux-gnu/12/../../../../x86_64-pc-linux-gnu/lib -L/usr/lib/gcc/x86_64-pc-linux-gnu/12/../../.. CMakeFiles/cmTC_e2e8b.dir/CMakeCCompilerABI.c.o -lgcc --push-state --as-needed -lgcc_s --pop-state -lc -lgcc --push-state --as-needed -lgcc_s --pop-state /usr/lib/gcc/x86_64-pc-linux-gnu/12/crtendS.o /usr/lib/gcc/x86_64-pc-linux-gnu/12/../../../../lib64/crtn.o
COLLECT_GCC_OPTIONS='-v' '-rdynamic' '-o' 'cmTC_e2e8b' '-mtune=generic' '-march=x86-64' '-dumpdir' 'cmTC_e2e8b.'



Parsed C implicit include dir info from above output: rv=done
  found start of include info
  found start of implicit include info
    add: [/usr/lib/gcc/x86_64-pc-linux-gnu/12/include]
    add: [/usr/lib/gcc/x86_64-pc-linux-gnu/12/include-fixed]
    add: [/usr/include]
  end of search list found
  collapse include dir [/usr/lib/gcc/x86_64-pc-linux-gnu/12/include] ==> [/usr/lib/gcc/x86_64-pc-linux-gnu/12/include]
  collapse include dir [/usr/lib/gcc/x86_64-pc-linux-gnu/12/include-fixed] ==> [/usr/lib/gcc/x86_64-pc-linux-gnu/12/include-fixed]
  collapse include dir [/usr/include] ==> [/usr/include]
  implicit include dirs: [/usr/lib/gcc/x86_64-pc-linux-gnu/12/include;/usr/lib/gcc/x86_64-pc-linux-gnu/12/include-fixed;/usr/include]


Parsed C implicit link information from above output:
  link line regex: [^( *|.*[/\])(ld|CMAKE_LINK_STARTFILE-NOTFOUND|([^/\]+-)?ld|collect2)[^/\]*( |$)]
  ignore line: [Change Dir: /home/connor/Documents/sdlgame/build/CMakeFiles/CMakeTmp]
  ignore line: []
  ignore line: [Run Build Command(s):/usr/bin/ninja cmTC_e2e8b && [1/2] Building C object CMakeFiles/cmTC_e2e8b.dir/CMakeCCompilerABI.c.o]
  ignore line: [Using built-in specs.]
  ignore line: [COLLECT_GCC=/usr/bin/gcc]
  ignore line: [Target: x86_64-pc-linux-gnu]
  ignore line: [Configured with: /var/tmp/portage/sys-devel/gcc-12.2.1_p20230121-r1/work/gcc-12-20230121/configure --host=x86_64-pc-linux-gnu --build=x86_64-pc-linux-gnu --prefix=/usr --bindir=/usr/x86_64-pc-linux-gnu/gcc-bin/12 --includedir=/usr/lib/gcc/x86_64-pc-linux-gnu/12/include --datadir=/usr/share/gcc-data/x86_64-pc-linux-gnu/12 --mandir=/usr/share/gcc-data/x86_64-pc-linux-gnu/12/man --infodir=/usr/share/gcc-data/x86_64-pc-linux-gnu/12/info --with-gxx-include-dir=/usr/lib/gcc/x86_64-pc-linux-gnu/12/include/g++-v12 --with-python-dir=/share/gcc-data/x86_64-pc-linux-gnu/12/python --enable-languages=c c++ fortran --enable-obsolete --enable-secureplt --disable-werror --with-system-zlib --enable-nls --without-included-gettext --disable-libunwind-exceptions --enable-checking=release --with-bugurl=https://bugs.gentoo.org/ --with-pkgversion='Gentoo 12.2.1_p20230121-r1 p10' --with-gcc-major-version-only --disable-esp --enable-libstdcxx-time --disable-libstdcxx-pch --enable-shared --enable-threads=posix --enable-__cxa_atexit --enable-clocale=gnu --enable-multilib --with-multilib-list=m32 m64 --disable-fixed-point --enable-targets=all --enable-libgomp --disable-libssp --disable-libada --disable-cet --disable-systemtap --disable-valgrind-annotations --disable-vtable-verify --disable-libvtv --without-zstd --enable-lto --without-isl --enable-default-pie --enable-default-ssp]
  ignore line: [Thread model: posix]
  ignore line: [Supported LTO compression algorithms: zlib]
  ignore line: [gcc version 12.2.1 20230121 (Gentoo 12.2.1_p20230121-r1 p10) ]
  ignore line: [COLLECT_GCC_OPTIONS='-v' '-o' 'CMakeFiles/cmTC_e2e8b.dir/CMakeCCompilerABI.c.o' '-c' '-mtune=generic' '-march=x86-64' '-dumpdir' 'CMakeFiles/cmTC_e2e8b.dir/']
  ignore line: [ /usr/libexec/gcc/x86_64-pc-linux-gnu/12/cc1 -quiet -v /usr/share/cmake/Modules/CMakeCCompilerABI.c -quiet -dumpdir CMakeFiles/cmTC_e2e8b.dir/ -dumpbase CMakeCCompilerABI.c.c -dumpbase-ext .c -mtune=generic -march=x86-64 -version -o /tmp/cc4QZ0N8.s]
  ignore line: [GNU C17 (Gentoo 12.2.1_p20230121-r1 p10) version 12.2.1 20230121 (x86_64-pc-linux-gnu)]
  ignore line: [	compiled by GNU C version 12.2.1 20230121  GMP version 6.2.1  MPFR version 4.1.1-p1  MPC version 1.2.1  isl version none]
  ignore line: [GGC heuristics: --param ggc-min-expand=100 --param ggc-min-heapsize=131072]
  ignore line: [ignoring nonexistent directory "/usr/local/include"]
  ignore line: [ignoring nonexistent directory "/usr/lib/gcc/x86_64-pc-linux-gnu/12/../../../../x86_64-pc-linux-gnu/include"]
  ignore line: [#include "..." search starts here:]
  ignore line: [#include <...> search starts here:]
  ignore line: [ /usr/lib/gcc/x86_64-pc-linux-gnu/12/include]
  ignore line: [ /usr/lib/gcc/x86_64-pc-linux-gnu/12/include-fixed]
  ignore line: [ /usr/include]
  ignore line: [End of search list.]
  ignore line: [GNU C17 (Gentoo 12.2.1_p20230121-r1 p10) version 12.2.1 20230121 (x86_64-pc-linux-gnu)]
  ignore line: [	compiled by GNU C version 12.2.1 20230121  GMP version 6.2.1  MPFR version 4.1.1-p1  MPC version 1.2.1  isl version none]
  ignore line: [GGC heuristics: --param ggc-min-expand=100 --param ggc-min-heapsize=131072]
  ignore line: [Compiler executable checksum: 0d6f3219cfb3d4b43844a5a7aaef3e56]
  ignore line: [COLLECT_GCC_OPTIONS='-v' '-o' 'CMakeFiles/cmTC_e2e8b.dir/CMakeCCompilerABI.c.o' '-c' '-mtune=generic' '-march=x86-64' '-dumpdir' 'CMakeFiles/cmTC_e2e8b.dir/']
  ignore line: [ /usr/lib/gcc/x86_64-pc-linux-gnu/12/../../../../x86_64-pc-linux-gnu/bin/as -v --64 -o CMakeFiles/cmTC_e2e8b.dir/CMakeCCompilerABI.c.o /tmp/cc4QZ0N8.s]
  ignore line: [GNU assembler version 2.39.0 (x86_64-pc-linux-gnu) using BFD version (Gentoo 2.39 p5) 2.39.0]
  ignore line: [COMPILER_PATH=/usr/libexec/gcc/x86_64-pc-linux-gnu/12/:/usr/libexec/gcc/x86_64-pc-linux-gnu/12/:/usr/libexec/gcc/x86_64-pc-linux-gnu/:/usr/lib/gcc/x86_64-pc-linux-gnu/12/:/usr/lib/gcc/x86_64-pc-linux-gnu/:/usr/lib/gcc/x86_64-pc-linux-gnu/12/../../../../x86_64-pc-linux-gnu/bin/]
  ignore line: [LIBRARY_PATH=/usr/lib/gcc/x86_64-pc-linux-gnu/12/:/usr/lib/gcc/x86_64-pc-linux-gnu/12/../../../../lib64/:/lib/../lib64/:/usr/lib/../lib64/:/usr/lib/gcc/x86_64-pc-linux-gnu/12/../../../../x86_64-pc-linux-gnu/lib/:/usr/lib/gcc/x86_64-pc-linux-gnu/12/../../../:/lib/:/usr/lib/]
  ignore line: [COLLECT_GCC_OPTIONS='-v' '-o' 'CMakeFiles/cmTC_e2e8b.dir/CMakeCCompilerABI.c.o' '-c' '-mtune=generic' '-march=x86-64' '-dumpdir' 'CMakeFiles/cmTC_e2e8b.dir/CMakeCCompilerABI.c.']
  ignore line: [[2/2] Linking C executable cmTC_e2e8b]
  ignore line: [Using built-in specs.]
  ignore line: [COLLECT_GCC=/usr/bin/gcc]
  ignore line: [COLLECT_LTO_WRAPPER=/usr/libexec/gcc/x86_64-pc-linux-gnu/12/lto-wrapper]
  ignore line: [Target: x86_64-pc-linux-gnu]
  ignore line: [Configured with: /var/tmp/portage/sys-devel/gcc-12.2.1_p20230121-r1/work/gcc-12-20230121/configure --host=x86_64-pc-linux-gnu --build=x86_64-pc-linux-gnu --prefix=/usr --bindir=/usr/x86_64-pc-linux-gnu/gcc-bin/12 --includedir=/usr/lib/gcc/x86_64-pc-linux-gnu/12/include --datadir=/usr/share/gcc-data/x86_64-pc-linux-gnu/12 --mandir=/usr/share/gcc-data/x86_64-pc-linux-gnu/12/man --infodir=/usr/share/gcc-data/x86_64-pc-linux-gnu/12/info --with-gxx-include-dir=/usr/lib/gcc/x86_64-pc-linux-gnu/12/include/g++-v12 --with-python-dir=/share/gcc-data/x86_64-pc-linux-gnu/12/python --enable-languages=c c++ fortran --enable-obsolete --enable-secureplt --disable-werror --with-system-zlib --enable-nls --without-included-gettext --disable-libunwind-exceptions --enable-checking=release --with-bugurl=https://bugs.gentoo.org/ --with-pkgversion='Gentoo 12.2.1_p20230121-r1 p10' --with-gcc-major-version-only --disable-esp --enable-libstdcxx-time --disable-libstdcxx-pch --enable-shared --enable-threads=posix --enable-__cxa_atexit --enable-clocale=gnu --enable-multilib --with-multilib-list=m32 m64 --disable-fixed-point --enable-targets=all --enable-libgomp --disable-libssp --disable-libada --disable-cet --disable-systemtap --disable-valgrind-annotations --disable-vtable-verify --disable-libvtv --without-zstd --enable-lto --without-isl --enable-default-pie --enable-default-ssp]
  ignore line: [Thread model: posix]
  ignore line: [Supported LTO compression algorithms: zlib]
  ignore line: [gcc version 12.2.1 20230121 (Gentoo 12.2.1_p20230121-r1 p10) ]
  ignore line: [COMPILER_PATH=/usr/libexec/gcc/x86_64-pc-linux-gnu/12/:/usr/libexec/gcc/x86_64-pc-linux-gnu/12/:/usr/libexec/gcc/x86_64-pc-linux-gnu/:/usr/lib/gcc/x86_64-pc-linux-gnu/12/:/usr/lib/gcc/x86_64-pc-linux-gnu/:/usr/lib/gcc/x86_64-pc-linux-gnu/12/../../../../x86_64-pc-linux-gnu/bin/]
  ignore line: [LIBRARY_PATH=/usr/lib/gcc/x86_64-pc-linux-gnu/12/:/usr/lib/gcc/x86_64-pc-linux-gnu/12/../../../../lib64/:/lib/../lib64/:/usr/lib/../lib64/:/usr/lib/gcc/x86_64-pc-linux-gnu/12/../../../../x86_64-pc-linux-gnu/lib/:/usr/lib/gcc/x86_64-pc-linux-gnu/12/../../../:/lib/:/usr/lib/]
  ignore line: [COLLECT_GCC_OPTIONS='-v' '-rdynamic' '-o' 'cmTC_e2e8b' '-mtune=generic' '-march=x86-64' '-dumpdir' 'cmTC_e2e8b.']
  link line: [ /usr/libexec/gcc/x86_64-pc-linux-gnu/12/collect2 -plugin /usr/libexec/gcc/x86_64-pc-linux-gnu/12/liblto_plugin.so -plugin-opt=/usr/libexec/gcc/x86_64-pc-linux-gnu/12/lto-wrapper -plugin-opt=-fresolution=/tmp/ccIpo5jO.res -plugin-opt=-pass-through=-lgcc -plugin-opt=-pass-through=-lgcc_s -plugin-opt=-pass-through=-lc -plugin-opt=-pass-through=-lgcc -plugin-opt=-pass-through=-lgcc_s --eh-frame-hdr -m elf_x86_64 -export-dynamic -dynamic-linker /lib64/ld-linux-x86-64.so.2 -pie -o cmTC_e2e8b /usr/lib/gcc/x86_64-pc-linux-gnu/12/../../../../lib64/Scrt1.o /usr/lib/gcc/x86_64-pc-linux-gnu/12/../../../../lib64/crti.o /usr/lib/gcc/x86_64-pc-linux-gnu/12/crtbeginS.o -L/usr/lib/gcc/x86_64-pc-linux-gnu/12 -L/usr/lib/gcc/x86_64-pc-linux-gnu/12/../../../../lib64 -L/lib/../lib64 -L/usr/lib/../lib64 -L/usr/lib/gcc/x86_64-pc-linux-gnu/12/../../../../x86_64-pc-linux-gnu/lib -L/usr/lib/gcc/x86_64-pc-linux-gnu/12/../../.. CMakeFiles/cmTC_e2e8b.dir/CMakeCCompilerABI.c.o -lgcc --push-state --as-needed -lgcc_s --pop-state -lc -lgcc --push-state --as-needed -lgcc_s --pop-state /usr/lib/gcc/x86_64-pc-linux-gnu/12/crtendS.o /usr/lib/gcc/x86_64-pc-linux-gnu/12/../../../../lib64/crtn.o]
    arg [/usr/libexec/gcc/x86_64-pc-linux-gnu/12/collect2] ==> ignore
    arg [-plugin] ==> ignore
    arg [/usr/libexec/gcc/x86_64-pc-linux-gnu/12/liblto_plugin.so] ==> ignore
    arg [-plugin-opt=/usr/libexec/gcc/x86_64-pc-linux-gnu/12/lto-wrapper] ==> ignore
    arg [-plugin-opt=-fresolution=/tmp/ccIpo5jO.res] ==> ignore
    arg [-plugin-opt=-pass-through=-lgcc] ==> ignore
    arg [-plugin-opt=-pass-through=-lgcc_s] ==> ignore
    arg [-plugin-opt=-pass-through=-lc] ==> ignore
    arg [-plugin-opt=-pass-through=-lgcc] ==> ignore
    arg [-plugin-opt=-pass-through=-lgcc_s] ==> ignore
    arg [--eh-frame-hdr] ==> ignore
    arg [-m] ==> ignore
    arg [elf_x86_64] ==> ignore
    arg [-export-dynamic] ==> ignore
    arg [-dynamic-linker] ==> ignore
    arg [/lib64/ld-linux-x86-64.so.2] ==> ignore
    arg [-pie] ==> ignore
    arg [-o] ==> ignore
    arg [cmTC_e2e8b] ==> ignore
    arg [/usr/lib/gcc/x86_64-pc-linux-gnu/12/../../../../lib64/Scrt1.o] ==> obj [/usr/lib/gcc/x86_64-pc-linux-gnu/12/../../../../lib64/Scrt1.o]
    arg [/usr/lib/gcc/x86_64-pc-linux-gnu/12/../../../../lib64/crti.o] ==> obj [/usr/lib/gcc/x86_64-pc-linux-gnu/12/../../../../lib64/crti.o]
    arg [/usr/lib/gcc/x86_64-pc-linux-gnu/12/crtbeginS.o] ==> obj [/usr/lib/gcc/x86_64-pc-linux-gnu/12/crtbeginS.o]
    arg [-L/usr/lib/gcc/x86_64-pc-linux-gnu/12] ==> dir [/usr/lib/gcc/x86_64-pc-linux-gnu/12]
    arg [-L/usr/lib/gcc/x86_64-pc-linux-gnu/12/../../../../lib64] ==> dir [/usr/lib/gcc/x86_64-pc-linux-gnu/12/../../../../lib64]
    arg [-L/lib/../lib64] ==> dir [/lib/../lib64]
    arg [-L/usr/lib/../lib64] ==> dir [/usr/lib/../lib64]
    arg [-L/usr/lib/gcc/x86_64-pc-linux-gnu/12/../../../../x86_64-pc-linux-gnu/lib] ==> dir [/usr/lib/gcc/x86_64-pc-linux-gnu/12/../../../../x86_64-pc-linux-gnu/lib]
    arg [-L/usr/lib/gcc/x86_64-pc-linux-gnu/12/../../..] ==> dir [/usr/lib/gcc/x86_64-pc-linux-gnu/12/../../..]
    arg [CMakeFiles/cmTC_e2e8b.dir/CMakeCCompilerABI.c.o] ==> ignore
    arg [-lgcc] ==> lib [gcc]
    arg [--push-state] ==> ignore
    arg [--as-needed] ==> ignore
    arg [-lgcc_s] ==> lib [gcc_s]
    arg [--pop-state] ==> ignore
    arg [-lc] ==> lib [c]
    arg [-lgcc] ==> lib [gcc]
    arg [--push-state] ==> ignore
    arg [--as-needed] ==> ignore
    arg [-lgcc_s] ==> lib [gcc_s]
    arg [--pop-state] ==> ignore
    arg [/usr/lib/gcc/x86_64-pc-linux-gnu/12/crtendS.o] ==> obj [/usr/lib/gcc/x86_64-pc-linux-gnu/12/crtendS.o]
    arg [/usr/lib/gcc/x86_64-pc-linux-gnu/12/../../../../lib64/crtn.o] ==> obj [/usr/lib/gcc/x86_64-pc-linux-gnu/12/../../../../lib64/crtn.o]
  collapse obj [/usr/lib/gcc/x86_64-pc-linux-gnu/12/../../../../lib64/Scrt1.o] ==> [/usr/lib64/Scrt1.o]
  collapse obj [/usr/lib/gcc/x86_64-pc-linux-gnu/12/../../../../lib64/crti.o] ==> [/usr/lib64/crti.o]
  collapse obj [/usr/lib/gcc/x86_64-pc-linux-gnu/12/../../../../lib64/crtn.o] ==> [/usr/lib64/crtn.o]
  collapse library dir [/usr/lib/gcc/x86_64-pc-linux-gnu/12] ==> [/usr/lib/gcc/x86_64-pc-linux-gnu/12]
  collapse library dir [/usr/lib/gcc/x86_64-pc-linux-gnu/12/../../../../lib64] ==> [/usr/lib64]
  collapse library dir [/lib/../lib64] ==> [/lib64]
  collapse library dir [/usr/lib/../lib64] ==> [/usr/lib64]
  collapse library dir [/usr/lib/gcc/x86_64-pc-linux-gnu/12/../../../../x86_64-pc-linux-gnu/lib] ==> [/usr/x86_64-pc-linux-gnu/lib]
  collapse library dir [/usr/lib/gcc/x86_64-pc-linux-gnu/12/../../..] ==> [/usr/lib]
  implicit libs: [gcc;gcc_s;c;gcc;gcc_s]
  implicit objs: [/usr/lib64/Scrt1.o;/usr/lib64/crti.o;/usr/lib/gcc/x86_64-pc-linux-gnu/12/crtbeginS.o;/usr/lib/gcc/x86_64-pc-linux-gnu/12/crtendS.o;/usr/lib64/crtn.o]
  implicit dirs: [/usr/lib/gcc/x86_64-pc-linux-gnu/12;/usr/lib64;/lib64;/usr/x86_64-pc-linux-gnu/lib;/usr/lib]
  implicit fwks: []


Detecting CXX compiler ABI info compiled with the following output:
Change Dir: /home/connor/Documents/sdlgame/build/CMakeFiles/CMakeTmp

Run Build Command(s):/usr/bin/ninja cmTC_47503 && [1/2] Building CXX object CMakeFiles/cmTC_47503.dir/CMakeCXXCompilerABI.cpp.o
Using built-in specs.
COLLECT_GCC=/usr/bin/g++
Target: x86_64-pc-linux-gnu
Configured with: /var/tmp/portage/sys-devel/gcc-12.2.1_p20230121-r1/work/gcc-12-20230121/configure --host=x86_64-pc-linux-gnu --build=x86_64-pc-linux-gnu --prefix=/usr --bindir=/usr/x86_64-pc-linux-gnu/gcc-bin/12 --includedir=/usr/lib/gcc/x86_64-pc-linux-gnu/12/include --datadir=/usr/share/gcc-data/x86_64-pc-linux-gnu/12 --mandir=/usr/share/gcc-data/x86_64-pc-linux-gnu/12/man --infodir=/usr/share/gcc-data/x86_64-pc-linux-gnu/12/info --with-gxx-include-dir=/usr/lib/gcc/x86_64-pc-linux-gnu/12/include/g++-v12 --with-python-dir=/share/gcc-data/x86_64-pc-linux-gnu/12/python --enable-languages=c,c++,fortran --enable-obsolete --enable-secureplt --disable-werror --with-system-zlib --enable-nls --without-included-gettext --disable-libunwind-exceptions --enable-checking=release --with-bugurl=https://bugs.gentoo.org/ --with-pkgversion='Gentoo 12.2.1_p20230121-r1 p10' --with-gcc-major-version-only --disable-esp --enable-libstdcxx-time --disable-libstdcxx-pch --enable-shared --enable-threads=posix --enable-__cxa_atexit --enable-clocale=gnu --enable-multilib --with-multilib-list=m32,m64 --disable-fixed-point --enable-targets=all --enable-libgomp --disable-libssp --disable-libada --disable-cet --disable-systemtap --disable-valgrind-annotations --disable-vtable-verify --disable-libvtv --without-zstd --enable-lto --without-isl --enable-default-pie --enable-default-ssp
Thread model: posix
Supported LTO compression algorithms: zlib
gcc version 12.2.1 20230121 (Gentoo 12.2.1_p20230121-r1 p10) 
COLLECT_GCC_OPTIONS='-v' '-o' 'CMakeFiles/cmTC_47503.dir/CMakeCXXCompilerABI.cpp.o' '-c' '-shared-libgcc' '-mtune=generic' '-march=x86-64' '-dumpdir' 'CMakeFiles/cmTC_47503.dir/'
 /usr/libexec/gcc/x86_64-pc-linux-gnu/12/cc1plus -quiet -v -D_GNU_SOURCE /usr/share/cmake/Modules/CMakeCXXCompilerABI.cpp -quiet -dumpdir CMakeFiles/cmTC_47503.dir/ -dumpbase CMakeCXXCompilerABI.cpp.cpp -dumpbase-ext .cpp -mtune=generic -march=x86-64 -version -o /tmp/ccwc6ZnK.s
GNU C++17 (Gentoo 12.2.1_p20230121-r1 p10) version 12.2.1 20230121 (x86_64-pc-linux-gnu)
	compiled by GNU C version 12.2.1 20230121, GMP version 6.2.1, MPFR version 4.1.1-p1, MPC version 1.2.1, isl version none
GGC heuristics: --param ggc-min-expand=100 --param ggc-min-heapsize=131072
ignoring nonexistent directory "/usr/local/include"
ignoring nonexistent directory "/usr/lib/gcc/x86_64-pc-linux-gnu/12/../../../../x86_64-pc-linux-gnu/include"
#include "..." search starts here:
#include <...> search starts here:
 /usr/lib/gcc/x86_64-pc-linux-gnu/12/include/g++-v12
 /usr/lib/gcc/x86_64-pc-linux-gnu/12/include/g++-v12/x86_64-pc-linux-gnu
 /usr/lib/gcc/x86_64-pc-linux-gnu/12/include/g++-v12/backward
 /usr/lib/gcc/x86_64-pc-linux-gnu/12/include
 /usr/lib/gcc/x86_64-pc-linux-gnu/12/include-fixed
 /usr/include
End of search list.
GNU C++17 (Gentoo 12.2.1_p20230121-r1 p10) version 12.2.1 20230121 (x86_64-pc-linux-gnu)
	compiled by GNU C version 12.2.1 20230121, GMP version 6.2.1, MPFR version 4.1.1-p1, MPC version 1.2.1, isl version none
GGC heuristics: --param ggc-min-expand=100 --param ggc-min-heapsize=131072
Compiler executable checksum: 482ce202c2c3cded67dad9857071dc23
COLLECT_GCC_OPTIONS='-v' '-o' 'CMakeFiles/cmTC_47503.dir/CMakeCXXCompilerABI.cpp.o' '-c' '-shared-libgcc' '-mtune=generic' '-march=x86-64' '-dumpdir' 'CMakeFiles/cmTC_47503.dir/'
 /usr/lib/gcc/x86_64-pc-linux-gnu/12/../../../../x86_64-pc-linux-gnu/bin/as -v --64 -o CMakeFiles/cmTC_47503.dir/CMakeCXXCompilerABI.cpp.o /tmp/ccwc6ZnK.s
GNU assembler version 2.39.0 (x86_64-pc-linux-gnu) using BFD version (Gentoo 2.39 p5) 2.39.0
COMPILER_PATH=/usr/libexec/gcc/x86_64-pc-linux-gnu/12/:/usr/libexec/gcc/x86_64-pc-linux-gnu/12/:/usr/libexec/gcc/x86_64-pc-linux-gnu/:/usr/lib/gcc/x86_64-pc-linux-gnu/12/:/usr/lib/gcc/x86_64-pc-linux-gnu/:/usr/lib/gcc/x86_64-pc-linux-gnu/12/../../../../x86_64-pc-linux-gnu/bin/
LIBRARY_PATH=/usr/lib/gcc/x86_64-pc-linux-gnu/12/:/usr/lib/gcc/x86_64-pc-linux-gnu/12/../../../../lib64/:/lib/../lib64/:/usr/lib/../lib64/:/usr/lib/gcc/x86_64-pc-linux-gnu/12/../../../../x86_64-pc-linux-gnu/lib/:/usr/lib/gcc/x86_64-pc-linux-gnu/12/../../../:/lib/:/usr/lib/
COLLECT_GCC_OPTIONS='-v' '-o' 'CMakeFiles/cmTC_47503.dir/CMakeCXXCompilerABI.cpp.o' '-c' '-shared-libgcc' '-mtune=generic' '-march=x86-64' '-dumpdir' 'CMakeFiles/cmTC_47503.dir/CMakeCXXCompilerABI.cpp.'
[2/2] Linking CXX executable cmTC_47503
Using built-in specs.
COLLECT_GCC=/usr/bin/g++
COLLECT_LTO_WRAPPER=/usr/libexec/gcc/x86_64-pc-linux-gnu/12/lto-wrapper
Target: x86_64-pc-linux-gnu
Configured with: /var/tmp/portage/sys-devel/gcc-12.2.1_p20230121-r1/work/gcc-12-20230121/configure --host=x86_64-pc-linux-gnu --build=x86_64-pc-linux-gnu --prefix=/usr --bindir=/usr/x86_64-pc-linux-gnu/gcc-bin/12 --includedir=/usr/lib/gcc/x86_64-pc-linux-gnu/12/include --datadir=/usr/share/gcc-data/x86_64-pc-linux-gnu/12 --mandir=/usr/share/gcc-data/x86_64-pc-linux-gnu/12/man --infodir=/usr/share/gcc-data/x86_64-pc-linux-gnu/12/info --with-gxx-include-dir=/usr/lib/gcc/x86_64-pc-linux-gnu/12/include/g++-v12 --with-python-dir=/share/gcc-data/x86_64-pc-linux-gnu/12/python --enable-languages=c,c++,fortran --enable-obsolete --enable-secureplt --disable-werror --with-system-zlib --enable-nls --without-included-gettext --disable-libunwind-exceptions --enable-checking=release --with-bugurl=https://bugs.gentoo.org/ --with-pkgversion='Gentoo 12.2.1_p20230121-r1 p10' --with-gcc-major-version-only --disable-esp --enable-libstdcxx-time --disable-libstdcxx-pch --enable-shared --enable-threads=posix --enable-__cxa_atexit --enable-clocale=gnu --enable-multilib --with-multilib-list=m32,m64 --disable-fixed-point --enable-targets=all --enable-libgomp --disable-libssp --disable-libada --disable-cet --disable-systemtap --disable-valgrind-annotations --disable-vtable-verify --disable-libvtv --without-zstd --enable-lto --without-isl --enable-default-pie --enable-default-ssp
Thread model: posix
Supported LTO compression algorithms: zlib
gcc version 12.2.1 20230121 (Gentoo 12.2.1_p20230121-r1 p10) 
COMPILER_PATH=/usr/libexec/gcc/x86_64-pc-linux-gnu/12/:/usr/libexec/gcc/x86_64-pc-linux-gnu/12/:/usr/libexec/gcc/x86_64-pc-linux-gnu/:/usr/lib/gcc/x86_64-pc-linux-gnu/12/:/usr/lib/gcc/x86_64-pc-linux-gnu/:/usr/lib/gcc/x86_64-pc-linux-gnu/12/../../../../x86_64-pc-linux-gnu/bin/
LIBRARY_PATH=/usr/lib/gcc/x86_64-pc-linux-gnu/12/:/usr/lib/gcc/x86_64-pc-linux-gnu/12/../../../../lib64/:/lib/../lib64/:/usr/lib/../lib64/:/usr/lib/gcc/x86_64-pc-linux-gnu/12/../../../../x86_64-pc-linux-gnu/lib/:/usr/lib/gcc/x86_64-pc-linux-gnu/12/../../../:/lib/:/usr/lib/
COLLECT_GCC_OPTIONS='-v' '-rdynamic' '-o' 'cmTC_47503' '-shared-libgcc' '-mtune=generic' '-march=x86-64' '-dumpdir' 'cmTC_47503.'
 /usr/libexec/gcc/x86_64-pc-linux-gnu/12/collect2 -plugin /usr/libexec/gcc/x86_64-pc-linux-gnu/12/liblto_plugin.so -plugin-opt=/usr/libexec/gcc/x86_64-pc-linux-gnu/12/lto-wrapper -plugin-opt=-fresolution=/tmp/ccTzptoS.res -plugin-opt=-pass-through=-lgcc_s -plugin-opt=-pass-through=-lgcc -plugin-opt=-pass-through=-lc -plugin-opt=-pass-through=-lgcc_s -plugin-opt=-pass-through=-lgcc --eh-frame-hdr -m elf_x86_64 -export-dynamic -dynamic-linker /lib64/ld-linux-x86-64.so.2 -pie -o cmTC_47503 /usr/lib/gcc/x86_64-pc-linux-gnu/12/../../../../lib64/Scrt1.o /usr/lib/gcc/x86_64-pc-linux-gnu/12/../../../../lib64/crti.o /usr/lib/gcc/x86_64-pc-linux-gnu/12/crtbeginS.o -L/usr/lib/gcc/x86_64-pc-linux-gnu/12 -L/usr/lib/gcc/x86_64-pc-linux-gnu/12/../../../../lib64 -L/lib/../lib64 -L/usr/lib/../lib64 -L/usr/lib/gcc/x86_64-pc-linux-gnu/12/../../../../x86_64-pc-linux-gnu/lib -L/usr/lib/gcc/x86_64-pc-linux-gnu/12/../../.. CMakeFiles/cmTC_47503.dir/CMakeCXXCompilerABI.cpp.o -lstdc++ -lm -lgcc_s -lgcc -lc -lgcc_s -lgcc /usr/lib/gcc/x86_64-pc-linux-gnu/12/crtendS.o /usr/lib/gcc/x86_64-pc-linux-gnu/12/../../../../lib64/crtn.o
COLLECT_GCC_OPTIONS='-v' '-rdynamic' '-o' 'cmTC_47503' '-shared-libgcc' '-mtune=generic' '-march=x86-64' '-dumpdir' 'cmTC_47503.'



Parsed CXX implicit include dir info from above output: rv=done
  found start of include info
  found start of implicit include info
    add: [/usr/lib/gcc/x86_64-pc-linux-gnu/12/include/g++-v12]
    add: [/usr/lib/gcc/x86_64-pc-linux-gnu/12/include/g++-v12/x86_64-pc-linux-gnu]
    add: [/usr/lib/gcc/x86_64-pc-linux-gnu/12/include/g++-v12/backward]
    add: [/usr/lib/gcc/x86_64-pc-linux-gnu/12/include]
    add: [/usr/lib/gcc/x86_64-pc-linux-gnu/12/include-fixed]
    add: [/usr/include]
  end of search list found
  collapse include dir [/usr/lib/gcc/x86_64-pc-linux-gnu/12/include/g++-v12] ==> [/usr/lib/gcc/x86_64-pc-linux-gnu/12/include/g++-v12]
  collapse include dir [/usr/lib/gcc/x86_64-pc-linux-gnu/12/include/g++-v12/x86_64-pc-linux-gnu] ==> [/usr/lib/gcc/x86_64-pc-linux-gnu/12/include/g++-v12/x86_64-pc-linux-gnu]
  collapse include dir [/usr/lib/gcc/x86_64-pc-linux-gnu/12/include/g++-v12/backward] ==> [/usr/lib/gcc/x86_64-pc-linux-gnu/12/include/g++-v12/backward]
  collapse include dir [/usr/lib/gcc/x86_64-pc-linux-gnu/12/include] ==> [/usr/lib/gcc/x86_64-pc-linux-gnu/12/include]
  collapse include dir [/usr/lib/gcc/x86_64-pc-linux-gnu/12/include-fixed] ==> [/usr/lib/gcc/x86_64-pc-linux-gnu/12/include-fixed]
  collapse include dir [/usr/include] ==> [/usr/include]
  implicit include dirs: [/usr/lib/gcc/x86_64-pc-linux-gnu/12/include/g++-v12;/usr/lib/gcc/x86_64-pc-linux-gnu/12/include/g++-v12/x86_64-pc-linux-gnu;/usr/lib/gcc/x86_64-pc-linux-gnu/12/include/g++-v12/backward;/usr/lib/gcc/x86_64-pc-linux-gnu/12/include;/usr/lib/gcc/x86_64-pc-linux-gnu/12/include-fixed;/usr/include]


Parsed CXX implicit link information from above output:
  link line regex: [^( *|.*[/\])(ld|CMAKE_LINK_STARTFILE-NOTFOUND|([^/\]+-)?ld|collect2)[^/\]*( |$)]
  ignore line: [Change Dir: /home/connor/Documents/sdlgame/build/CMakeFiles/CMakeTmp]
  ignore line: []
  ignore line: [Run Build Command(s):/usr/bin/ninja cmTC_47503 && [1/2] Building CXX object CMakeFiles/cmTC_47503.dir/CMakeCXXCompilerABI.cpp.o]
  ignore line: [Using built-in specs.]
  ignore line: [COLLECT_GCC=/usr/bin/g++]
  ignore line: [Target: x86_64-pc-linux-gnu]
  ignore line: [Configured with: /var/tmp/portage/sys-devel/gcc-12.2.1_p20230121-r1/work/gcc-12-20230121/configure --host=x86_64-pc-linux-gnu --build=x86_64-pc-linux-gnu --prefix=/usr --bindir=/usr/x86_64-pc-linux-gnu/gcc-bin/12 --includedir=/usr/lib/gcc/x86_64-pc-linux-gnu/12/include --datadir=/usr/share/gcc-data/x86_64-pc-linux-gnu/12 --mandir=/usr/share/gcc-data/x86_64-pc-linux-gnu/12/man --infodir=/usr/share/gcc-data/x86_64-pc-linux-gnu/12/info --with-gxx-include-dir=/usr/lib/gcc/x86_64-pc-linux-gnu/12/include/g++-v12 --with-python-dir=/share/gcc-data/x86_64-pc-linux-gnu/12/python --enable-languages=c c++ fortran --enable-obsolete --enable-secureplt --disable-werror --with-system-zlib --enable-nls --without-included-gettext --disable-libunwind-exceptions --enable-checking=release --with-bugurl=https://bugs.gentoo.org/ --with-pkgversion='Gentoo 12.2.1_p20230121-r1 p10' --with-gcc-major-version-only --disable-esp --enable-libstdcxx-time --disable-libstdcxx-pch --enable-shared --enable-threads=posix --enable-__cxa_atexit --enable-clocale=gnu --enable-multilib --with-multilib-list=m32 m64 --disable-fixed-point --enable-targets=all --enable-libgomp --disable-libssp --disable-libada --disable-cet --disable-systemtap --disable-valgrind-annotations --disable-vtable-verify --disable-libvtv --without-zstd --enable-lto --without-isl --enable-default-pie --enable-default-ssp]
  ignore line: [Thread model: posix]
  ignore line: [Supported LTO compression algorithms: zlib]
  ignore line: [gcc version 12.2.1 20230121 (Gentoo 12.2.1_p20230121-r1 p10) ]
  ignore line: [COLLECT_GCC_OPTIONS='-v' '-o' 'CMakeFiles/cmTC_47503.dir/CMakeCXXCompilerABI.cpp.o' '-c' '-shared-libgcc' '-mtune=generic' '-march=x86-64' '-dumpdir' 'CMakeFiles/cmTC_47503.dir/']
  ignore line: [ /usr/libexec/gcc/x86_64-pc-linux-gnu/12/cc1plus -quiet -v -D_GNU_SOURCE /usr/share/cmake/Modules/CMakeCXXCompilerABI.cpp -quiet -dumpdir CMakeFiles/cmTC_47503.dir/ -dumpbase CMakeCXXCompilerABI.cpp.cpp -dumpbase-ext .cpp -mtune=generic -march=x86-64 -version -o /tmp/ccwc6ZnK.s]
  ignore line: [GNU C++17 (Gentoo 12.2.1_p20230121-r1 p10) version 12.2.1 20230121 (x86_64-pc-linux-gnu)]
  ignore line: [	compiled by GNU C version 12.2.1 20230121  GMP version 6.2.1  MPFR version 4.1.1-p1  MPC version 1.2.1  isl version none]
  ignore line: [GGC heuristics: --param ggc-min-expand=100 --param ggc-min-heapsize=131072]
  ignore line: [ignoring nonexistent directory "/usr/local/include"]
  ignore line: [ignoring nonexistent directory "/usr/lib/gcc/x86_64-pc-linux-gnu/12/../../../../x86_64-pc-linux-gnu/include"]
  ignore line: [#include "..." search starts here:]
  ignore line: [#include <...> search starts here:]
  ignore line: [ /usr/lib/gcc/x86_64-pc-linux-gnu/12/include/g++-v12]
  ignore line: [ /usr/lib/gcc/x86_64-pc-linux-gnu/12/include/g++-v12/x86_64-pc-linux-gnu]
  ignore line: [ /usr/lib/gcc/x86_64-pc-linux-gnu/12/include/g++-v12/backward]
  ignore line: [ /usr/lib/gcc/x86_64-pc-linux-gnu/12/include]
  ignore line: [ /usr/lib/gcc/x86_64-pc-linux-gnu/12/include-fixed]
  ignore line: [ /usr/include]
  ignore line: [End of search list.]
  ignore line: [GNU C++17 (Gentoo 12.2.1_p20230121-r1 p10) version 12.2.1 20230121 (x86_64-pc-linux-gnu)]
  ignore line: [	compiled by GNU C version 12.2.1 20230121  GMP version 6.2.1  MPFR version 4.1.1-p1  MPC version 1.2.1  isl version none]
  ignore line: [GGC heuristics: --param ggc-min-expand=100 --param ggc-min-heapsize=131072]
  ignore line: [Compiler executable checksum: 482ce202c2c3cded67dad9857071dc23]
  ignore line: [COLLECT_GCC_OPTIONS='-v' '-o' 'CMakeFiles/cmTC_47503.dir/CMakeCXXCompilerABI.cpp.o' '-c' '-shared-libgcc' '-mtune=generic' '-march=x86-64' '-dumpdir' 'CMakeFiles/cmTC_47503.dir/']
  ignore line: [ /usr/lib/gcc/x86_64-pc-linux-gnu/12/../../../../x86_64-pc-linux-gnu/bin/as -v --64 -o CMakeFiles/cmTC_47503.dir/CMakeCXXCompilerABI.cpp.o /tmp/ccwc6ZnK.s]
  ignore line: [GNU assembler version 2.39.0 (x86_64-pc-linux-gnu) using BFD version (Gentoo 2.39 p5) 2.39.0]
  ignore line: [COMPILER_PATH=/usr/libexec/gcc/x86_64-pc-linux-gnu/12/:/usr/libexec/gcc/x86_64-pc-linux-gnu/12/:/usr/libexec/gcc/x86_64-pc-linux-gnu/:/usr/lib/gcc/x86_64-pc-linux-gnu/12/:/usr/lib/gcc/x86_64-pc-linux-gnu/:/usr/lib/gcc/x86_64-pc-linux-gnu/12/../../../../x86_64-pc-linux-gnu/bin/]
  ignore line: [LIBRARY_PATH=/usr/lib/gcc/x86_64-pc-linux-gnu/12/:/usr/lib/gcc/x86_64-pc-linux-gnu/12/../../../../lib64/:/lib/../lib64/:/usr/lib/../lib64/:/usr/lib/gcc/x86_64-pc-linux-gnu/12/../../../../x86_64-pc-linux-gnu/lib/:/usr/lib/gcc/x86_64-pc-linux-gnu/12/../../../:/lib/:/usr/lib/]
  ignore line: [COLLECT_GCC_OPTIONS='-v' '-o' 'CMakeFiles/cmTC_47503.dir/CMakeCXXCompilerABI.cpp.o' '-c' '-shared-libgcc' '-mtune=generic' '-march=x86-64' '-dumpdir' 'CMakeFiles/cmTC_47503.dir/CMakeCXXCompilerABI.cpp.']
  ignore line: [[2/2] Linking CXX executable cmTC_47503]
  ignore line: [Using built-in specs.]
  ignore line: [COLLECT_GCC=/usr/bin/g++]
  ignore line: [COLLECT_LTO_WRAPPER=/usr/libexec/gcc/x86_64-pc-linux-gnu/12/lto-wrapper]
  ignore line: [Target: x86_64-pc-linux-gnu]
  ignore line: [Configured with: /var/tmp/portage/sys-devel/gcc-12.2.1_p20230121-r1/work/gcc-12-20230121/configure --host=x86_64-pc-linux-gnu --build=x86_64-pc-linux-gnu --prefix=/usr --bindir=/usr/x86_64-pc-linux-gnu/gcc-bin/12 --includedir=/usr/lib/gcc/x86_64-pc-linux-gnu/12/include --datadir=/usr/share/gcc-data/x86_64-pc-linux-gnu/12 --mandir=/usr/share/gcc-data/x86_64-pc-linux-gnu/12/man --infodir=/usr/share/gcc-data/x86_64-pc-linux-gnu/12/info --with-gxx-include-dir=/usr/lib/gcc/x86_64-pc-linux-gnu/12/include/g++-v12 --with-python-dir=/share/gcc-data/x86_64-pc-linux-gnu/12/python --enable-languages=c c++ fortran --enable-obsolete --enable-secureplt --disable-werror --with-system-zlib --enable-nls --without-included-gettext --disable-libunwind-exceptions --enable-checking=release --with-bugurl=https://bugs.gentoo.org/ --with-pkgversion='Gentoo 12.2.1_p20230121-r1 p10' --with-gcc-major-version-only --disable-esp --enable-libstdcxx-time --disable-libstdcxx-pch --enable-shared --enable-threads=posix --enable-__cxa_atexit --enable-clocale=gnu --enable-multilib --with-multilib-list=m32 m64 --disable-fixed-point --enable-targets=all --enable-libgomp --disable-libssp --disable-libada --disable-cet --disable-systemtap --disable-valgrind-annotations --disable-vtable-verify --disable-libvtv --without-zstd --enable-lto --without-isl --enable-default-pie --enable-default-ssp]
  ignore line: [Thread model: posix]
  ignore line: [Supported LTO compression algorithms: zlib]
  ignore line: [gcc version 12.2.1 20230121 (Gentoo 12.2.1_p20230121-r1 p10) ]
  ignore line: [COMPILER_PATH=/usr/libexec/gcc/x86_64-pc-linux-gnu/12/:/usr/libexec/gcc/x86_64-pc-linux-gnu/12/:/usr/libexec/gcc/x86_64-pc-linux-gnu/:/usr/lib/gcc/x86_64-pc-linux-gnu/12/:/usr/lib/gcc/x86_64-pc-linux-gnu/:/usr/lib/gcc/x86_64-pc-linux-gnu/12/../../../../x86_64-pc-linux-gnu/bin/]
  ignore line: [LIBRARY_PATH=/usr/lib/gcc/x86_64-pc-linux-gnu/12/:/usr/lib/gcc/x86_64-pc-linux-gnu/12/../../../../lib64/:/lib/../lib64/:/usr/lib/../lib64/:/usr/lib/gcc/x86_64-pc-linux-gnu/12/../../../../x86_64-pc-linux-gnu/lib/:/usr/lib/gcc/x86_64-pc-linux-gnu/12/../../../:/lib/:/usr/lib/]
  ignore line: [COLLECT_GCC_OPTIONS='-v' '-rdynamic' '-o' 'cmTC_47503' '-shared-libgcc' '-mtune=generic' '-march=x86-64' '-dumpdir' 'cmTC_47503.']
  link line: [ /usr/libexec/gcc/x86_64-pc-linux-gnu/12/collect2 -plugin /usr/libexec/gcc/x86_64-pc-linux-gnu/12/liblto_plugin.so -plugin-opt=/usr/libexec/gcc/x86_64-pc-linux-gnu/12/lto-wrapper -plugin-opt=-fresolution=/tmp/ccTzptoS.res -plugin-opt=-pass-through=-lgcc_s -plugin-opt=-pass-through=-lgcc -plugin-opt=-pass-through=-lc -plugin-opt=-pass-through=-lgcc_s -plugin-opt=-pass-through=-lgcc --eh-frame-hdr -m elf_x86_64 -export-dynamic -dynamic-linker /lib64/ld-linux-x86-64.so.2 -pie -o cmTC_47503 /usr/lib/gcc/x86_64-pc-linux-gnu/12/../../../../lib64/Scrt1.o /usr/lib/gcc/x86_64-pc-linux-gnu/12/../../../../lib64/crti.o /usr/lib/gcc/x86_64-pc-linux-gnu/12/crtbeginS.o -L/usr/lib/gcc/x86_64-pc-linux-gnu/12 -L/usr/lib/gcc/x86_64-pc-linux-gnu/12/../../../../lib64 -L/lib/../lib64 -L/usr/lib/../lib64 -L/usr/lib/gcc/x86_64-pc-linux-gnu/12/../../../../x86_64-pc-linux-gnu/lib -L/usr/lib/gcc/x86_64-pc-linux-gnu/12/../../.. CMakeFiles/cmTC_47503.dir/CMakeCXXCompilerABI.cpp.o -lstdc++ -lm -lgcc_s -lgcc -lc -lgcc_s -lgcc /usr/lib/gcc/x86_64-pc-linux-gnu/12/crtendS.o /usr/lib/gcc/x86_64-pc-linux-gnu/12/../../../../lib64/crtn.o]
    arg [/usr/libexec/gcc/x86_64-pc-linux-gnu/12/collect2] ==> ignore
    arg [-plugin] ==> ignore
    arg [/usr/libexec/gcc/x86_64-pc-linux-gnu/12/liblto_plugin.so] ==> ignore
    arg [-plugin-opt=/usr/libexec/gcc/x86_64-pc-linux-gnu/12/lto-wrapper] ==> ignore
    arg [-plugin-opt=-fresolution=/tmp/ccTzptoS.res] ==> ignore
    arg [-plugin-opt=-pass-through=-lgcc_s] ==> ignore
    arg [-plugin-opt=-pass-through=-lgcc] ==> ignore
    arg [-plugin-opt=-pass-through=-lc] ==> ignore
    arg [-plugin-opt=-pass-through=-lgcc_s] ==> ignore
    arg [-plugin-opt=-pass-through=-lgcc] ==> ignore
    arg [--eh-frame-hdr] ==> ignore
    arg [-m] ==> ignore
    arg [elf_x86_64] ==> ignore
    arg [-export-dynamic] ==> ignore
    arg [-dynamic-linker] ==> ignore
    arg [/lib64/ld-linux-x86-64.so.2] ==> ignore
    arg [-pie] ==> ignore
    arg [-o] ==> ignore
    arg [cmTC_47503] ==> ignore
    arg [/usr/lib/gcc/x86_64-pc-linux-gnu/12/../../../../lib64/Scrt1.o] ==> obj [/usr/lib/gcc/x86_64-pc-linux-gnu/12/../../../../lib64/Scrt1.o]
    arg [/usr/lib/gcc/x86_64-pc-linux-gnu/12/../../../../lib64/crti.o] ==> obj [/usr/lib/gcc/x86_64-pc-linux-gnu/12/../../../../lib64/crti.o]
    arg [/usr/lib/gcc/x86_64-pc-linux-gnu/12/crtbeginS.o] ==> obj [/usr/lib/gcc/x86_64-pc-linux-gnu/12/crtbeginS.o]
    arg [-L/usr/lib/gcc/x86_64-pc-linux-gnu/12] ==> dir [/usr/lib/gcc/x86_64-pc-linux-gnu/12]
    arg [-L/usr/lib/gcc/x86_64-pc-linux-gnu/12/../../../../lib64] ==> dir [/usr/lib/gcc/x86_64-pc-linux-gnu/12/../../../../lib64]
    arg [-L/lib/../lib64] ==> dir [/lib/../lib64]
    arg [-L/usr/lib/../lib64] ==> dir [/usr/lib/../lib64]
    arg [-L/usr/lib/gcc/x86_64-pc-linux-gnu/12/../../../../x86_64-pc-linux-gnu/lib] ==> dir [/usr/lib/gcc/x86_64-pc-linux-gnu/12/../../../../x86_64-pc-linux-gnu/lib]
    arg [-L/usr/lib/gcc/x86_64-pc-linux-gnu/12/../../..] ==> dir [/usr/lib/gcc/x86_64-pc-linux-gnu/12/../../..]
    arg [CMakeFiles/cmTC_47503.dir/CMakeCXXCompilerABI.cpp.o] ==> ignore
    arg [-lstdc++] ==> lib [stdc++]
    arg [-lm] ==> lib [m]
    arg [-lgcc_s] ==> lib [gcc_s]
    arg [-lgcc] ==> lib [gcc]
    arg [-lc] ==> lib [c]
    arg [-lgcc_s] ==> lib [gcc_s]
    arg [-lgcc] ==> lib [gcc]
    arg [/usr/lib/gcc/x86_64-pc-linux-gnu/12/crtendS.o] ==> obj [/usr/lib/gcc/x86_64-pc-linux-gnu/12/crtendS.o]
    arg [/usr/lib/gcc/x86_64-pc-linux-gnu/12/../../../../lib64/crtn.o] ==> obj [/usr/lib/gcc/x86_64-pc-linux-gnu/12/../../../../lib64/crtn.o]
  collapse obj [/usr/lib/gcc/x86_64-pc-linux-gnu/12/../../../../lib64/Scrt1.o] ==> [/usr/lib64/Scrt1.o]
  collapse obj [/usr/lib/gcc/x86_64-pc-linux-gnu/12/../../../../lib64/crti.o] ==> [/usr/lib64/crti.o]
  collapse obj [/usr/lib/gcc/x86_64-pc-linux-gnu/12/../../../../lib64/crtn.o] ==> [/usr/lib64/crtn.o]
  collapse library dir [/usr/lib/gcc/x86_64-pc-linux-gnu/12] ==> [/usr/lib/gcc/x86_64-pc-linux-gnu/12]
  collapse library dir [/usr/lib/gcc/x86_64-pc-linux-gnu/12/../../../../lib64] ==> [/usr/lib64]
  collapse library dir [/lib/../lib64] ==> [/lib64]
  collapse library dir [/usr/lib/../lib64] ==> [/usr/lib64]
  collapse library dir [/usr/lib/gcc/x86_64-pc-linux-gnu/12/../../../../x86_64-pc-linux-gnu/lib] ==> [/usr/x86_64-pc-linux-gnu/lib]
  collapse library dir [/usr/lib/gcc/x86_64-pc-linux-gnu/12/../../..] ==> [/usr/lib]
  implicit libs: [stdc++;m;gcc_s;gcc;c;gcc_s;gcc]
  implicit objs: [/usr/lib64/Scrt1.o;/usr/lib64/crti.o;/usr/lib/gcc/x86_64-pc-linux-gnu/12/crtbeginS.o;/usr/lib/gcc/x86_64-pc-linux-gnu/12/crtendS.o;/usr/lib64/crtn.o]
  implicit dirs: [/usr/lib/gcc/x86_64-pc-linux-gnu/12;/usr/lib64;/lib64;/usr/x86_64-pc-linux-gnu/lib;/usr/lib]
  implicit fwks: []


Performing C SOURCE FILE Test CMAKE_HAVE_LIBC_PTHREAD succeeded with the following output:
Change Dir: /home/connor/Documents/sdlgame/build/CMakeFiles/CMakeTmp

Run Build Command(s):/usr/bin/ninja cmTC_8b939 && [1/2] Building C object CMakeFiles/cmTC_8b939.dir/src.c.o
[2/2] Linking C executable cmTC_8b939


Source file was:
#include <pthread.h>

static void* test_func(void* data)
{
  return data;
}

int main(void)
{
  pthread_t thread;
  pthread_create(&thread, NULL, test_func, NULL);
  pthread_detach(thread);
  pthread_cancel(thread);
  pthread_join(thread, NULL);
  pthread_atfork(NULL, NULL, NULL);
  pthread_exit(NULL);

  return 0;
}

